<?xml version="1.0" encoding="UTF-8"?>
<!-- Generated by org.testng.reporters.JUnitXMLReporter -->
<testsuite ignored="0" hostname="Jatins-MacBook-Pro.local" failures="0" tests="4" name="Validating Login Page" time="3.927" errors="0" timestamp="2021-09-19T14:10:34 CDT">
  <testcase classname="test.LoginPageTest" name="loginTest" time="0.774"/>
  <testcase classname="test.LoginPageTest" name="loginTest" time="0.369"/>
  <testcase classname="test.LoginPageTest" name="loginTest" time="0.241"/>
  <testcase classname="test.LoginPageTest" name="loginTest" time="0.233"/>
</testsuite> <!-- Validating Login Page -->
