<?xml version="1.0" encoding="UTF-8"?>
<!-- Generated by org.testng.reporters.JUnitXMLReporter -->
<testsuite ignored="0" hostname="Jatins-MacBook-Pro.local" failures="0" tests="4" name="Validating Login PageT" time="3.676" errors="0" timestamp="2021-09-02T23:54:26 CDT">
  <testcase classname="test.LoginPageTest" name="loginTest" time="0.728"/>
  <testcase classname="test.LoginPageTest" name="loginTest" time="0.264"/>
  <testcase classname="test.LoginPageTest" name="loginTest" time="0.217"/>
  <testcase classname="test.LoginPageTest" name="loginTest" time="0.223"/>
</testsuite> <!-- Validating Login PageT -->
