<?xml version="1.0" encoding="UTF-8"?>
<testng-results ignored="0" total="5" passed="5" failed="0" skipped="0">
  <reporter-output>
  </reporter-output>
  <suite started-at="2021-09-19T14:10:30 CDT" name="Suite" finished-at="2021-09-19T14:10:36 CDT" duration-ms="6570">
    <groups>
    </groups>
    <test started-at="2021-09-19T14:10:30 CDT" name="Validating Login Page" finished-at="2021-09-19T14:10:34 CDT" duration-ms="3927">
      <class name="test.LoginPageTest">
        <test-method is-config="true" signature="initializeDriver()[pri:0, instance:test.LoginPageTest@56bca85b]" started-at="2021-09-19T14:10:30 CDT" name="initializeDriver" finished-at="2021-09-19T14:10:32 CDT" duration-ms="2146" status="PASS">
          <reporter-output>
          </reporter-output>
        </test-method> <!-- initializeDriver -->
        <test-method signature="loginTest(java.lang.String,java.lang.String)[pri:0, instance:test.LoginPageTest@56bca85b]" started-at="2021-09-19T14:10:32 CDT" name="loginTest" data-provider="getData" finished-at="2021-09-19T14:10:33 CDT" duration-ms="774" status="PASS">
          <params>
            <param index="0">
              <value>
                <![CDATA[standard_user]]>
              </value>
            </param>
            <param index="1">
              <value>
                <![CDATA[secret_sauce]]>
              </value>
            </param>
          </params>
          <reporter-output>
          </reporter-output>
        </test-method> <!-- loginTest -->
        <test-method signature="loginTest(java.lang.String,java.lang.String)[pri:0, instance:test.LoginPageTest@56bca85b]" started-at="2021-09-19T14:10:33 CDT" name="loginTest" data-provider="getData" finished-at="2021-09-19T14:10:33 CDT" duration-ms="369" status="PASS">
          <params>
            <param index="0">
              <value>
                <![CDATA[standard_user]]>
              </value>
            </param>
            <param index="1">
              <value>
                <![CDATA[aaa111]]>
              </value>
            </param>
          </params>
          <reporter-output>
          </reporter-output>
        </test-method> <!-- loginTest -->
        <test-method signature="loginTest(java.lang.String,java.lang.String)[pri:0, instance:test.LoginPageTest@56bca85b]" started-at="2021-09-19T14:10:33 CDT" name="loginTest" data-provider="getData" finished-at="2021-09-19T14:10:33 CDT" duration-ms="241" status="PASS">
          <params>
            <param index="0">
              <value>
                <![CDATA[standard]]>
              </value>
            </param>
            <param index="1">
              <value>
                <![CDATA[secret_sauce]]>
              </value>
            </param>
          </params>
          <reporter-output>
          </reporter-output>
        </test-method> <!-- loginTest -->
        <test-method signature="loginTest(java.lang.String,java.lang.String)[pri:0, instance:test.LoginPageTest@56bca85b]" started-at="2021-09-19T14:10:33 CDT" name="loginTest" data-provider="getData" finished-at="2021-09-19T14:10:33 CDT" duration-ms="233" status="PASS">
          <params>
            <param index="0">
              <value>
                <![CDATA[standard111]]>
              </value>
            </param>
            <param index="1">
              <value>
                <![CDATA[secret222]]>
              </value>
            </param>
          </params>
          <reporter-output>
          </reporter-output>
        </test-method> <!-- loginTest -->
        <test-method is-config="true" signature="teardown()[pri:0, instance:test.LoginPageTest@56bca85b]" started-at="2021-09-19T14:10:33 CDT" name="teardown" finished-at="2021-09-19T14:10:34 CDT" duration-ms="129" status="PASS">
          <reporter-output>
          </reporter-output>
        </test-method> <!-- teardown -->
      </class> <!-- test.LoginPageTest -->
    </test> <!-- Validating Login Page -->
    <test started-at="2021-09-19T14:10:34 CDT" name="Validating E2E functionality" finished-at="2021-09-19T14:10:36 CDT" duration-ms="2621">
      <class name="test.ProductPageTest">
        <test-method is-config="true" signature="initializeDriver()[pri:0, instance:test.ProductPageTest@6b9ce1bf]" started-at="2021-09-19T14:10:34 CDT" name="initializeDriver" finished-at="2021-09-19T14:10:35 CDT" duration-ms="1438" status="PASS">
          <reporter-output>
          </reporter-output>
        </test-method> <!-- initializeDriver -->
        <test-method signature="productTest()[pri:0, instance:test.ProductPageTest@6b9ce1bf]" started-at="2021-09-19T14:10:35 CDT" name="productTest" finished-at="2021-09-19T14:10:36 CDT" duration-ms="1010" status="PASS">
          <reporter-output>
          </reporter-output>
        </test-method> <!-- productTest -->
        <test-method is-config="true" signature="teardown()[pri:0, instance:test.ProductPageTest@6b9ce1bf]" started-at="2021-09-19T14:10:36 CDT" name="teardown" finished-at="2021-09-19T14:10:36 CDT" duration-ms="172" status="PASS">
          <reporter-output>
          </reporter-output>
        </test-method> <!-- teardown -->
      </class> <!-- test.ProductPageTest -->
    </test> <!-- Validating E2E functionality -->
  </suite> <!-- Suite -->
</testng-results>
