<?xml version="1.0" encoding="UTF-8"?>
<testng-results ignored="0" total="1" passed="1" failed="0" skipped="0">
  <reporter-output>
  </reporter-output>
  <suite started-at="2021-09-03T00:40:46 CDT" name="Default suite" finished-at="2021-09-03T00:40:50 CDT" duration-ms="3652">
    <groups>
    </groups>
    <test started-at="2021-09-03T00:40:46 CDT" name="Default test" finished-at="2021-09-03T00:40:50 CDT" duration-ms="3652">
      <class name="test.ProductPageTest">
        <test-method is-config="true" signature="initializeDriver()[pri:0, instance:test.ProductPageTest@56ace400]" started-at="2021-09-03T00:40:46 CDT" name="initializeDriver" finished-at="2021-09-03T00:40:48 CDT" duration-ms="2599" status="PASS">
          <reporter-output>
          </reporter-output>
        </test-method> <!-- initializeDriver -->
        <test-method signature="productTest()[pri:0, instance:test.ProductPageTest@56ace400]" started-at="2021-09-03T00:40:49 CDT" name="productTest" finished-at="2021-09-03T00:40:50 CDT" duration-ms="1025" status="PASS">
          <reporter-output>
          </reporter-output>
        </test-method> <!-- productTest -->
      </class> <!-- test.ProductPageTest -->
    </test> <!-- Default test -->
  </suite> <!-- Default suite -->
</testng-results>
